Sending build context to Docker daemon  68.61kB
Step 1/7 : FROM continuumio/miniconda3:latest
 ---> 4d529c886124
Step 2/7 : WORKDIR /app
 ---> Using cache
 ---> 7465ead63870
Step 3/7 : COPY ./1.sh .
 ---> Using cache
 ---> cd5cc29e0e3f
Step 4/7 : RUN chmod +x 1.sh
 ---> Using cache
 ---> ec2d5e771ddd
Step 5/7 : RUN apt-get -y update && apt-get install -y python
 ---> Using cache
 ---> 3ccc459c392b
Step 6/7 : RUN pip install mlflow boto3 pymysql
 ---> Using cache
 ---> 629fa56f5a98
Step 7/7 : CMD ["sh", "1.sh"]
 ---> Using cache
 ---> 8da90b3956e7
Successfully built 8da90b3956e7
Successfully tagged netology-ml:netology-ml
